<?xml version="1.0" encoding="UTF-8"?>
<testsuite name="testRunner.TestRunner" time="0.873" tests="19" errors="0" skipped="0" failures="0">
  <properties>
    <property name="java.runtime.name" value="Java(TM) SE Runtime Environment"/>
    <property name="sun.boot.library.path" value="C:\Program Files\Java\jdk1.8.0_231\jre\bin"/>
    <property name="java.vm.version" value="25.231-b11"/>
    <property name="java.vm.vendor" value="Oracle Corporation"/>
    <property name="maven.multiModuleProjectDirectory" value="C:\Users\priti\eclipse-workspaceNew1\RBS-HomeTechnicalTask"/>
    <property name="java.vendor.url" value="http://java.oracle.com/"/>
    <property name="path.separator" value=";"/>
    <property name="guice.disable.misplaced.annotation.check" value="true"/>
    <property name="java.vm.name" value="Java HotSpot(TM) 64-Bit Server VM"/>
    <property name="file.encoding.pkg" value="sun.io"/>
    <property name="user.script" value=""/>
    <property name="user.country" value="GB"/>
    <property name="sun.java.launcher" value="SUN_STANDARD"/>
    <property name="sun.os.patch.level" value=""/>
    <property name="java.vm.specification.name" value="Java Virtual Machine Specification"/>
    <property name="user.dir" value="C:\Users\priti\eclipse-workspaceNew1\RBS-HomeTechnicalTask"/>
    <property name="java.runtime.version" value="1.8.0_231-b11"/>
    <property name="java.awt.graphicsenv" value="sun.awt.Win32GraphicsEnvironment"/>
    <property name="java.endorsed.dirs" value="C:\Program Files\Java\jdk1.8.0_231\jre\lib\endorsed"/>
    <property name="os.arch" value="amd64"/>
    <property name="java.io.tmpdir" value="C:\Users\priti\AppData\Local\Temp\"/>
    <property name="line.separator" value="&#10;"/>
    <property name="java.vm.specification.vendor" value="Oracle Corporation"/>
    <property name="user.variant" value=""/>
    <property name="os.name" value="Windows 10"/>
    <property name="classworlds.conf" value="C:\Selenium\apache-maven-3.6.3-bin (1)\apache-maven-3.6.3\bin\..\bin\m2.conf"/>
    <property name="sun.jnu.encoding" value="Cp1252"/>
    <property name="java.library.path" value="C:\Program Files\Java\jdk1.8.0_231\bin;C:\windows\Sun\Java\bin;C:\windows\system32;C:\windows;C:\Program Files (x86)\Common Files\Oracle\Java\javapath;C:\Program Files\Java\jdk1.8.0_231\bin;%M2_HOME%\bin;C:\Program Files\Git\cmd;C:\SoapUI\original\axis2-1.6.2\bin;C:\Program Files\dotnet\;C:\Program Files\Microsoft SQL Server\130\Tools\Binn\;C:\Program Files\Microsoft SQL Server\Client SDK\ODBC\170\Tools\Binn\;C:\Selenium\apache-maven-3.6.3-bin (1)\apache-maven-3.6.3\bin;C:\Windows\System32;C:\Program Files\MySQL\MySQL Shell 8.0\bin\;C:\Program Files\Java\jdk1.8.0_231\bin;C:\Users\priti\AppData\Roaming\npm;C:\Users\priti\AppData\Local\Programs\Microsoft VS Code\bin;C:\Program Files\Git\bin\;C:\Program Files\Git\cmd\;;."/>
    <property name="maven.conf" value="C:\Selenium\apache-maven-3.6.3-bin (1)\apache-maven-3.6.3\bin\../conf"/>
    <property name="java.specification.name" value="Java Platform API Specification"/>
    <property name="java.class.version" value="52.0"/>
    <property name="sun.management.compiler" value="HotSpot 64-Bit Tiered Compilers"/>
    <property name="os.version" value="10.0"/>
    <property name="library.jansi.path" value="C:\Selenium\apache-maven-3.6.3-bin (1)\apache-maven-3.6.3\bin\..\lib\jansi-native"/>
    <property name="user.home" value="C:\Users\priti"/>
    <property name="user.timezone" value="Europe/London"/>
    <property name="java.awt.printerjob" value="sun.awt.windows.WPrinterJob"/>
    <property name="java.specification.version" value="1.8"/>
    <property name="file.encoding" value="Cp1252"/>
    <property name="user.name" value="priti"/>
    <property name="java.class.path" value="C:\Selenium\apache-maven-3.6.3-bin (1)\apache-maven-3.6.3\bin\..\boot\plexus-classworlds-2.6.0.jar"/>
    <property name="java.vm.specification.version" value="1.8"/>
    <property name="sun.arch.data.model" value="64"/>
    <property name="java.home" value="C:\Program Files\Java\jdk1.8.0_231\jre"/>
    <property name="sun.java.command" value="org.codehaus.plexus.classworlds.launcher.Launcher test"/>
    <property name="java.specification.vendor" value="Oracle Corporation"/>
    <property name="user.language" value="en"/>
    <property name="awt.toolkit" value="sun.awt.windows.WToolkit"/>
    <property name="java.vm.info" value="mixed mode"/>
    <property name="java.version" value="1.8.0_231"/>
    <property name="java.ext.dirs" value="C:\Program Files\Java\jdk1.8.0_231\jre\lib\ext;C:\windows\Sun\Java\lib\ext"/>
    <property name="sun.boot.class.path" value="C:\Program Files\Java\jdk1.8.0_231\jre\lib\resources.jar;C:\Program Files\Java\jdk1.8.0_231\jre\lib\rt.jar;C:\Program Files\Java\jdk1.8.0_231\jre\lib\sunrsasign.jar;C:\Program Files\Java\jdk1.8.0_231\jre\lib\jsse.jar;C:\Program Files\Java\jdk1.8.0_231\jre\lib\jce.jar;C:\Program Files\Java\jdk1.8.0_231\jre\lib\charsets.jar;C:\Program Files\Java\jdk1.8.0_231\jre\lib\jfr.jar;C:\Program Files\Java\jdk1.8.0_231\jre\classes"/>
    <property name="sun.stderr.encoding" value="cp850"/>
    <property name="java.vendor" value="Oracle Corporation"/>
    <property name="maven.home" value="C:\Selenium\apache-maven-3.6.3-bin (1)\apache-maven-3.6.3\bin\.."/>
    <property name="file.separator" value="\"/>
    <property name="java.vendor.url.bug" value="http://bugreport.sun.com/bugreport/"/>
    <property name="sun.cpu.endian" value="little"/>
    <property name="sun.io.unicode.encoding" value="UnicodeLittle"/>
    <property name="sun.stdout.encoding" value="cp850"/>
    <property name="sun.desktop" value="windows"/>
    <property name="sun.cpu.isalist" value="amd64"/>
  </properties>
  <testcase name="Given user naviagte to the website of saucedemo.com" classname="| firstName | lastName | postalCode |" time="0.002"/>
  <testcase name="When user provide username as &quot;userName&quot; and password as &quot;password&quot; in through Login Window" classname="| firstName | lastName | postalCode |" time="0"/>
  <testcase name="And click on Login button" classname="| firstName | lastName | postalCode |" time="0"/>
  <testcase name="Then Login must be successful" classname="| firstName | lastName | postalCode |" time="0"/>
  <testcase name="Given user is on product page" classname="| firstName | lastName | postalCode |" time="0"/>
  <testcase name="When user sort out the price from high to low" classname="| firstName | lastName | postalCode |" time="0"/>
  <testcase name="Then prices for product must be in high to low" classname="| firstName | lastName | postalCode |" time="0"/>
  <testcase name="When user add cheapest and second costaliest price product to cart" classname="| firstName | lastName | postalCode |" time="0"/>
  <testcase name="And user navigate to cart page" classname="| firstName | lastName | postalCode |" time="0"/>
  <testcase name="Then products should be added to the cart" classname="| firstName | lastName | postalCode |" time="0"/>
  <testcase name="When click on Checkout link" classname="| firstName | lastName | postalCode |" time="0"/>
  <testcase name="Then user must naviagte to checkout page" classname="| firstName | lastName | postalCode |" time="0"/>
  <testcase name="When user provide details for first name, LastName and postal Code as &quot;firstName&quot;, &quot;lastName&quot; , &quot;postalCode&quot;" classname="| firstName | lastName | postalCode |" time="0"/>
  <testcase name="And click on Continue link at checkout page" classname="| firstName | lastName | postalCode |" time="0"/>
  <testcase name="Then user must navigate Checkout OverView Page" classname="| firstName | lastName | postalCode |" time="0"/>
  <testcase name="And added products should be visisble at checkout page" classname="| firstName | lastName | postalCode |" time="0"/>
  <testcase name="When user click on Finsih button at checkout overview page" classname="| firstName | lastName | postalCode |" time="0"/>
  <testcase name="Then order must be completed" classname="| firstName | lastName | postalCode |" time="0"/>
  <testcase name="| firstName | lastName | postalCode |" classname="| firstName | lastName | postalCode |" time="0.871"/>
</testsuite>